<?xml version="1.0" encoding="UTF-8"?>
<!-- Generated by org.testng.reporters.JUnitReportReporter -->
<testsuite skipped="0" hostname="LAPTOP-MHTQ5I5U" name="com.task.Task1" tests="1" failures="0" timestamp="2021-12-14T23:21:44 IST" time="5.537" errors="0">
  <testcase name="reg" time="5.537" classname="com.task.Task1"/>
  <system-out/>
</testsuite> <!-- com.task.Task1 -->
